<?xml version="1.0" encoding="UTF-8"?>
<!-- Generated by org.testng.reporters.JUnitReportReporter -->
<testsuite skipped="0" hostname="TheOjos" name="test.ListCustomerTestTest" tests="1" failures="0" timestamp="2022-03-21T15:10:42 EDT" time="28.475" errors="0">
  <testcase name="validUserShouldBeAbleToListCustomer" time="28.475" classname="test.ListCustomerTestTest"/>
  <system-out/>
</testsuite> <!-- test.ListCustomerTestTest -->
