<?xml version="1.0" encoding="UTF-8"?>
<!-- Generated by org.testng.reporters.JUnitReportReporter -->
<testsuite skipped="0" hostname="TheOjos" name="test.LoginTest" tests="1" failures="0" timestamp="2022-03-20T14:08:24 EDT" time="49.550" errors="0">
  <testcase name="validUserShouldBeAbleToLogin" time="49.550" classname="test.LoginTest"/>
  <system-out/>
</testsuite> <!-- test.LoginTest -->
