<?xml version="1.0" encoding="UTF-8"?>
<!-- Generated by org.testng.reporters.JUnitReportReporter -->
<testsuite skipped="0" hostname="TheOjos" name="test.AddCustomerTestTest" tests="1" failures="0" timestamp="2022-04-19T00:40:32 EDT" time="46.469" errors="0">
  <testcase name="validUserShouldBeAbleToCreateCustomer" time="46.469" classname="test.AddCustomerTestTest"/>
  <system-out/>
</testsuite> <!-- test.AddCustomerTestTest -->
