<?xml version="1.0" encoding="UTF-8"?>
<!-- Generated by org.testng.reporters.JUnitReportReporter -->
<testsuite skipped="0" hostname="TheOjos" name="test.AddCustomerTest" tests="1" failures="0" timestamp="2022-03-20T20:29:08 EDT" time="14.286" errors="0">
  <testcase name="validUserShouldBeAbleToCreateCustomer" time="14.286" classname="test.AddCustomerTest"/>
  <system-out/>
</testsuite> <!-- test.AddCustomerTest -->
