<?xml version="1.0" encoding="UTF-8"?>
<!-- Generated by org.testng.reporters.JUnitReportReporter -->
<testsuite skipped="0" hostname="TheOjos" name="test.LoginTestTest" tests="1" failures="0" timestamp="21 Mar 2022 05:18:50 GMT" time="73.057" errors="0">
  <testcase name="validUserShouldBeAbleToLogin" time="73.057" classname="test.LoginTestTest"/>
</testsuite> <!-- test.LoginTestTest -->
